e:\doancaronhom4\doancaro\x64\debug\vc143.pdb
e:\doancaronhom4\doancaro\x64\debug\vc143.idb
e:\doancaronhom4\doancaro\x64\debug\writename2p.obj
e:\doancaronhom4\doancaro\x64\debug\source.obj
e:\doancaronhom4\doancaro\x64\debug\save.obj
e:\doancaronhom4\doancaro\x64\debug\rule.obj
e:\doancaronhom4\doancaro\x64\debug\main.obj
e:\doancaronhom4\doancaro\x64\debug\about.obj
e:\doancaronhom4\doancaro\x64\debug\draw.obj
e:\doancaronhom4\doancaro\x64\debug\sound.obj
e:\doancaronhom4\x64\debug\doancaro.pdb
e:\doancaronhom4\doancaro\x64\debug\doancaro.tlog\cl.command.1.tlog
e:\doancaronhom4\doancaro\x64\debug\doancaro.tlog\cl.read.1.tlog
e:\doancaronhom4\doancaro\x64\debug\doancaro.tlog\cl.write.1.tlog
e:\doancaronhom4\doancaro\x64\debug\doancaro.tlog\link-cvtres.read.1.tlog
e:\doancaronhom4\doancaro\x64\debug\doancaro.tlog\link-cvtres.write.1.tlog
e:\doancaronhom4\doancaro\x64\debug\doancaro.tlog\link-rc.read.1.tlog
e:\doancaronhom4\doancaro\x64\debug\doancaro.tlog\link-rc.write.1.tlog
e:\doancaronhom4\doancaro\x64\debug\doancaro.tlog\link.command.1.tlog
e:\doancaronhom4\doancaro\x64\debug\doancaro.tlog\link.read.1.tlog
e:\doancaronhom4\doancaro\x64\debug\doancaro.tlog\link.read.2.tlog
e:\doancaronhom4\doancaro\x64\debug\doancaro.tlog\link.read.3.tlog
e:\doancaronhom4\doancaro\x64\debug\doancaro.tlog\link.read.4.tlog
e:\doancaronhom4\doancaro\x64\debug\doancaro.tlog\link.write.1.tlog
