  Box.cpp
  Draw.cpp
  Menu.cpp
  Rule.cpp
  Save.cpp
E:\DoAnCaRoNhom4\Save.cpp(364,6): warning C4101: 'a': unreferenced local variable
E:\DoAnCaRoNhom4\Save.cpp(364,9): warning C4101: 'b': unreferenced local variable
E:\DoAnCaRoNhom4\Save.cpp(759,10): warning C4566: character represented by universal-character-name '\u1EC7' cannot be represented in the current code page (1258)
E:\DoAnCaRoNhom4\Save.cpp(761,10): warning C4566: character represented by universal-character-name '\u1ED7' cannot be represented in the current code page (1258)
E:\DoAnCaRoNhom4\Save.cpp(761,10): warning C4566: character represented by universal-character-name '\u1EC7' cannot be represented in the current code page (1258)
E:\DoAnCaRoNhom4\Save.cpp(764,11): warning C4566: character represented by universal-character-name '\u1EC7' cannot be represented in the current code page (1258)
E:\DoAnCaRoNhom4\Save.cpp(764,11): warning C4566: character represented by universal-character-name '\u00E3' cannot be represented in the current code page (1258)
E:\DoAnCaRoNhom4\Save.cpp(764,11): warning C4566: character represented by universal-character-name '\u1EE3' cannot be represented in the current code page (1258)
  Setting.cpp
  Sound.cpp
  Source.cpp
E:\DoAnCaRoNhom4\Source.cpp(475,6): warning C4101: 'a': unreferenced local variable
E:\DoAnCaRoNhom4\Source.cpp(475,9): warning C4101: 'b': unreferenced local variable
  WriteName2P.cpp
  about.cpp
E:\DoAnCaRoNhom4\about.cpp(3,9): warning C4067: unexpected tokens following preprocessor directive - expected a newline
  main.cpp
  Generating Code...
  Main.vcxproj -> E:\DoAnCaRoNhom4\x64\Debug\DoAnCaRo.exe
