  about.cpp
E:\DoAnCaRoNhom4\about.cpp(3,9): warning C4067: unexpected tokens following preprocessor directive - expected a newline
  Draw.cpp
  main.cpp
  Rule.cpp
  Save.cpp
E:\DoAnCaRoNhom4\Save.cpp(258,6): warning C4101: 'a': unreferenced local variable
E:\DoAnCaRoNhom4\Save.cpp(258,9): warning C4101: 'b': unreferenced local variable
E:\DoAnCaRoNhom4\Save.cpp(560,28): warning C4018: '<': signed/unsigned mismatch
E:\DoAnCaRoNhom4\Save.cpp(621,10): warning C4566: character represented by universal-character-name '\u1EC7' cannot be represented in the current code page (1258)
E:\DoAnCaRoNhom4\Save.cpp(623,10): warning C4566: character represented by universal-character-name '\u1ED7' cannot be represented in the current code page (1258)
E:\DoAnCaRoNhom4\Save.cpp(623,10): warning C4566: character represented by universal-character-name '\u1EC7' cannot be represented in the current code page (1258)
E:\DoAnCaRoNhom4\Save.cpp(626,11): warning C4566: character represented by universal-character-name '\u1EC7' cannot be represented in the current code page (1258)
E:\DoAnCaRoNhom4\Save.cpp(626,11): warning C4566: character represented by universal-character-name '\u00E3' cannot be represented in the current code page (1258)
E:\DoAnCaRoNhom4\Save.cpp(626,11): warning C4566: character represented by universal-character-name '\u1EE3' cannot be represented in the current code page (1258)
  Sound.cpp
  Source.cpp
E:\DoAnCaRoNhom4\Source.cpp(866,6): warning C4101: 'a': unreferenced local variable
E:\DoAnCaRoNhom4\Source.cpp(866,9): warning C4101: 'b': unreferenced local variable
  WriteName2P.cpp
  Generating Code...
  LINK : E:\DoAnCaRoNhom4\Debug\DoAnCaRo.exe not found or not built by the last incremental link; performing full link
  Main.vcxproj -> E:\DoAnCaRoNhom4\Debug\DoAnCaRo.exe
